<?xml version="1.0" encoding="UTF-8"?>
<!-- Generated by org.testng.reporters.JUnitReportReporter -->
<testsuite hostname="LAPTOP-T3L5FROU" failures="0" tests="1" name="TestCase.DemoTestCase" time="27.492" errors="0" timestamp="2024-12-11T17:33:35 IST" skipped="0">
  <testcase classname="TestCase.DemoTestCase" name="org_page" time="27.492"/>
</testsuite> <!-- TestCase.DemoTestCase -->
